<?xml version="1.0" encoding="UTF-8"?>
<testsuite xmlns:xsi="http://www.w3.org/2001/XMLSchema-instance" xsi:noNamespaceSchemaLocation="https://maven.apache.org/surefire/maven-surefire-plugin/xsd/surefire-test-report.xsd" name="org.narainfo.tool.FilterIPTests" time="0.199" tests="1" errors="0" skipped="0" failures="0">
  <properties>
    <property name="sun.desktop" value="windows"/>
    <property name="awt.toolkit" value="sun.awt.windows.WToolkit"/>
    <property name="file.encoding.pkg" value="sun.io"/>
    <property name="java.specification.version" value="1.8"/>
    <property name="sun.cpu.isalist" value="amd64"/>
    <property name="sun.jnu.encoding" value="MS949"/>
    <property name="java.class.path" value="C:\Users\nara111\Documents\workspace-spring-tool-suite-4-4.2.2.RELEASE\SpellerForWindow\target\test-classes;C:\Users\nara111\Documents\workspace-spring-tool-suite-4-4.2.2.RELEASE\SpellerForWindow\target\classes;C:\dev\apache-maven-3.5.3\repository\org\springframework\boot\spring-boot-starter-web\2.1.5.RELEASE\spring-boot-starter-web-2.1.5.RELEASE.jar;C:\dev\apache-maven-3.5.3\repository\org\springframework\boot\spring-boot-starter\2.1.5.RELEASE\spring-boot-starter-2.1.5.RELEASE.jar;C:\dev\apache-maven-3.5.3\repository\org\springframework\boot\spring-boot\2.1.5.RELEASE\spring-boot-2.1.5.RELEASE.jar;C:\dev\apache-maven-3.5.3\repository\org\springframework\boot\spring-boot-autoconfigure\2.1.5.RELEASE\spring-boot-autoconfigure-2.1.5.RELEASE.jar;C:\dev\apache-maven-3.5.3\repository\org\springframework\boot\spring-boot-starter-logging\2.1.5.RELEASE\spring-boot-starter-logging-2.1.5.RELEASE.jar;C:\dev\apache-maven-3.5.3\repository\ch\qos\logback\logback-classic\1.2.3\logback-classic-1.2.3.jar;C:\dev\apache-maven-3.5.3\repository\ch\qos\logback\logback-core\1.2.3\logback-core-1.2.3.jar;C:\dev\apache-maven-3.5.3\repository\org\apache\logging\log4j\log4j-to-slf4j\2.11.2\log4j-to-slf4j-2.11.2.jar;C:\dev\apache-maven-3.5.3\repository\org\apache\logging\log4j\log4j-api\2.11.2\log4j-api-2.11.2.jar;C:\dev\apache-maven-3.5.3\repository\org\slf4j\jul-to-slf4j\1.7.26\jul-to-slf4j-1.7.26.jar;C:\dev\apache-maven-3.5.3\repository\org\yaml\snakeyaml\1.23\snakeyaml-1.23.jar;C:\dev\apache-maven-3.5.3\repository\org\springframework\boot\spring-boot-starter-json\2.1.5.RELEASE\spring-boot-starter-json-2.1.5.RELEASE.jar;C:\dev\apache-maven-3.5.3\repository\com\fasterxml\jackson\core\jackson-databind\2.9.8\jackson-databind-2.9.8.jar;C:\dev\apache-maven-3.5.3\repository\com\fasterxml\jackson\core\jackson-annotations\2.9.0\jackson-annotations-2.9.0.jar;C:\dev\apache-maven-3.5.3\repository\com\fasterxml\jackson\core\jackson-core\2.9.8\jackson-core-2.9.8.jar;C:\dev\apache-maven-3.5.3\repository\com\fasterxml\jackson\datatype\jackson-datatype-jdk8\2.9.8\jackson-datatype-jdk8-2.9.8.jar;C:\dev\apache-maven-3.5.3\repository\com\fasterxml\jackson\datatype\jackson-datatype-jsr310\2.9.8\jackson-datatype-jsr310-2.9.8.jar;C:\dev\apache-maven-3.5.3\repository\com\fasterxml\jackson\module\jackson-module-parameter-names\2.9.8\jackson-module-parameter-names-2.9.8.jar;C:\dev\apache-maven-3.5.3\repository\org\hibernate\validator\hibernate-validator\6.0.16.Final\hibernate-validator-6.0.16.Final.jar;C:\dev\apache-maven-3.5.3\repository\javax\validation\validation-api\2.0.1.Final\validation-api-2.0.1.Final.jar;C:\dev\apache-maven-3.5.3\repository\org\jboss\logging\jboss-logging\3.3.2.Final\jboss-logging-3.3.2.Final.jar;C:\dev\apache-maven-3.5.3\repository\com\fasterxml\classmate\1.4.0\classmate-1.4.0.jar;C:\dev\apache-maven-3.5.3\repository\org\springframework\spring-web\5.1.7.RELEASE\spring-web-5.1.7.RELEASE.jar;C:\dev\apache-maven-3.5.3\repository\org\springframework\spring-beans\5.1.7.RELEASE\spring-beans-5.1.7.RELEASE.jar;C:\dev\apache-maven-3.5.3\repository\org\springframework\spring-webmvc\5.1.7.RELEASE\spring-webmvc-5.1.7.RELEASE.jar;C:\dev\apache-maven-3.5.3\repository\org\springframework\spring-aop\5.1.7.RELEASE\spring-aop-5.1.7.RELEASE.jar;C:\dev\apache-maven-3.5.3\repository\org\springframework\spring-context\5.1.7.RELEASE\spring-context-5.1.7.RELEASE.jar;C:\dev\apache-maven-3.5.3\repository\org\springframework\spring-expression\5.1.7.RELEASE\spring-expression-5.1.7.RELEASE.jar;C:\dev\apache-maven-3.5.3\repository\org\springframework\boot\spring-boot-starter-test\2.1.5.RELEASE\spring-boot-starter-test-2.1.5.RELEASE.jar;C:\dev\apache-maven-3.5.3\repository\org\springframework\boot\spring-boot-test\2.1.5.RELEASE\spring-boot-test-2.1.5.RELEASE.jar;C:\dev\apache-maven-3.5.3\repository\org\springframework\boot\spring-boot-test-autoconfigure\2.1.5.RELEASE\spring-boot-test-autoconfigure-2.1.5.RELEASE.jar;C:\dev\apache-maven-3.5.3\repository\com\jayway\jsonpath\json-path\2.4.0\json-path-2.4.0.jar;C:\dev\apache-maven-3.5.3\repository\net\minidev\json-smart\2.3\json-smart-2.3.jar;C:\dev\apache-maven-3.5.3\repository\net\minidev\accessors-smart\1.2\accessors-smart-1.2.jar;C:\dev\apache-maven-3.5.3\repository\org\ow2\asm\asm\5.0.4\asm-5.0.4.jar;C:\dev\apache-maven-3.5.3\repository\org\slf4j\slf4j-api\1.7.26\slf4j-api-1.7.26.jar;C:\dev\apache-maven-3.5.3\repository\junit\junit\4.12\junit-4.12.jar;C:\dev\apache-maven-3.5.3\repository\org\assertj\assertj-core\3.11.1\assertj-core-3.11.1.jar;C:\dev\apache-maven-3.5.3\repository\org\mockito\mockito-core\2.23.4\mockito-core-2.23.4.jar;C:\dev\apache-maven-3.5.3\repository\net\bytebuddy\byte-buddy\1.9.12\byte-buddy-1.9.12.jar;C:\dev\apache-maven-3.5.3\repository\net\bytebuddy\byte-buddy-agent\1.9.12\byte-buddy-agent-1.9.12.jar;C:\dev\apache-maven-3.5.3\repository\org\objenesis\objenesis\2.6\objenesis-2.6.jar;C:\dev\apache-maven-3.5.3\repository\org\hamcrest\hamcrest-core\1.3\hamcrest-core-1.3.jar;C:\dev\apache-maven-3.5.3\repository\org\hamcrest\hamcrest-library\1.3\hamcrest-library-1.3.jar;C:\dev\apache-maven-3.5.3\repository\org\skyscreamer\jsonassert\1.5.0\jsonassert-1.5.0.jar;C:\dev\apache-maven-3.5.3\repository\com\vaadin\external\google\android-json\0.0.20131108.vaadin1\android-json-0.0.20131108.vaadin1.jar;C:\dev\apache-maven-3.5.3\repository\org\springframework\spring-core\5.1.7.RELEASE\spring-core-5.1.7.RELEASE.jar;C:\dev\apache-maven-3.5.3\repository\org\springframework\spring-jcl\5.1.7.RELEASE\spring-jcl-5.1.7.RELEASE.jar;C:\dev\apache-maven-3.5.3\repository\org\springframework\spring-test\5.1.7.RELEASE\spring-test-5.1.7.RELEASE.jar;C:\dev\apache-maven-3.5.3\repository\org\xmlunit\xmlunit-core\2.6.2\xmlunit-core-2.6.2.jar;C:\dev\apache-maven-3.5.3\repository\org\mybatis\spring\boot\mybatis-spring-boot-starter\2.0.0\mybatis-spring-boot-starter-2.0.0.jar;C:\dev\apache-maven-3.5.3\repository\org\mybatis\spring\boot\mybatis-spring-boot-autoconfigure\2.0.0\mybatis-spring-boot-autoconfigure-2.0.0.jar;C:\dev\apache-maven-3.5.3\repository\org\mybatis\mybatis\3.5.0\mybatis-3.5.0.jar;C:\dev\apache-maven-3.5.3\repository\org\mybatis\mybatis-spring\2.0.0\mybatis-spring-2.0.0.jar;C:\dev\apache-maven-3.5.3\repository\org\springframework\boot\spring-boot-starter-jdbc\2.1.5.RELEASE\spring-boot-starter-jdbc-2.1.5.RELEASE.jar;C:\dev\apache-maven-3.5.3\repository\com\zaxxer\HikariCP\3.2.0\HikariCP-3.2.0.jar;C:\dev\apache-maven-3.5.3\repository\org\springframework\spring-jdbc\5.1.7.RELEASE\spring-jdbc-5.1.7.RELEASE.jar;C:\dev\apache-maven-3.5.3\repository\org\springframework\spring-tx\5.1.7.RELEASE\spring-tx-5.1.7.RELEASE.jar;C:\dev\apache-maven-3.5.3\repository\org\springframework\boot\spring-boot-starter-thymeleaf\2.1.5.RELEASE\spring-boot-starter-thymeleaf-2.1.5.RELEASE.jar;C:\dev\apache-maven-3.5.3\repository\org\thymeleaf\thymeleaf-spring5\3.0.11.RELEASE\thymeleaf-spring5-3.0.11.RELEASE.jar;C:\dev\apache-maven-3.5.3\repository\org\thymeleaf\thymeleaf\3.0.11.RELEASE\thymeleaf-3.0.11.RELEASE.jar;C:\dev\apache-maven-3.5.3\repository\org\attoparser\attoparser\2.0.5.RELEASE\attoparser-2.0.5.RELEASE.jar;C:\dev\apache-maven-3.5.3\repository\org\unbescape\unbescape\1.1.6.RELEASE\unbescape-1.1.6.RELEASE.jar;C:\dev\apache-maven-3.5.3\repository\org\thymeleaf\extras\thymeleaf-extras-java8time\3.0.4.RELEASE\thymeleaf-extras-java8time-3.0.4.RELEASE.jar;C:\dev\apache-maven-3.5.3\repository\org\json\json\20180813\json-20180813.jar;C:\dev\apache-maven-3.5.3\repository\mysql\mysql-connector-java\8.0.16\mysql-connector-java-8.0.16.jar;C:\dev\apache-maven-3.5.3\repository\javax\mail\mail\1.4.7\mail-1.4.7.jar;C:\dev\apache-maven-3.5.3\repository\javax\activation\activation\1.1\activation-1.1.jar;C:\dev\apache-maven-3.5.3\repository\org\springframework\boot\spring-boot-starter-tomcat\2.1.5.RELEASE\spring-boot-starter-tomcat-2.1.5.RELEASE.jar;C:\dev\apache-maven-3.5.3\repository\javax\annotation\javax.annotation-api\1.3.2\javax.annotation-api-1.3.2.jar;C:\dev\apache-maven-3.5.3\repository\org\apache\tomcat\embed\tomcat-embed-core\9.0.19\tomcat-embed-core-9.0.19.jar;C:\dev\apache-maven-3.5.3\repository\org\apache\tomcat\embed\tomcat-embed-el\9.0.19\tomcat-embed-el-9.0.19.jar;C:\dev\apache-maven-3.5.3\repository\org\apache\tomcat\embed\tomcat-embed-websocket\9.0.19\tomcat-embed-websocket-9.0.19.jar;"/>
    <property name="java.vm.vendor" value=""/>
    <property name="sun.arch.data.model" value="64"/>
    <property name="user.variant" value=""/>
    <property name="java.vendor.url" value="http://java.oracle.com/"/>
    <property name="user.timezone" value="Asia/Seoul"/>
    <property name="java.vm.specification.version" value="1.8"/>
    <property name="os.name" value="Windows 7"/>
    <property name="user.country" value="KR"/>
    <property name="sun.java.launcher" value="SUN_STANDARD"/>
    <property name="sun.boot.library.path" value="C:\Program Files\AdoptOpenJDK\jdk-8.0.212.04-hotspot\jre\bin"/>
    <property name="sun.java.command" value="C:\Users\nara111\AppData\Local\Temp\surefire749496245934422977\surefirebooter5969822881833634290.jar C:\Users\nara111\AppData\Local\Temp\surefire749496245934422977 2020-02-20T14-12-19_335-jvmRun1 surefire5644807427986623701tmp surefire_04362264770625219886tmp"/>
    <property name="surefire.test.class.path" value="C:\Users\nara111\Documents\workspace-spring-tool-suite-4-4.2.2.RELEASE\SpellerForWindow\target\test-classes;C:\Users\nara111\Documents\workspace-spring-tool-suite-4-4.2.2.RELEASE\SpellerForWindow\target\classes;C:\dev\apache-maven-3.5.3\repository\org\springframework\boot\spring-boot-starter-web\2.1.5.RELEASE\spring-boot-starter-web-2.1.5.RELEASE.jar;C:\dev\apache-maven-3.5.3\repository\org\springframework\boot\spring-boot-starter\2.1.5.RELEASE\spring-boot-starter-2.1.5.RELEASE.jar;C:\dev\apache-maven-3.5.3\repository\org\springframework\boot\spring-boot\2.1.5.RELEASE\spring-boot-2.1.5.RELEASE.jar;C:\dev\apache-maven-3.5.3\repository\org\springframework\boot\spring-boot-autoconfigure\2.1.5.RELEASE\spring-boot-autoconfigure-2.1.5.RELEASE.jar;C:\dev\apache-maven-3.5.3\repository\org\springframework\boot\spring-boot-starter-logging\2.1.5.RELEASE\spring-boot-starter-logging-2.1.5.RELEASE.jar;C:\dev\apache-maven-3.5.3\repository\ch\qos\logback\logback-classic\1.2.3\logback-classic-1.2.3.jar;C:\dev\apache-maven-3.5.3\repository\ch\qos\logback\logback-core\1.2.3\logback-core-1.2.3.jar;C:\dev\apache-maven-3.5.3\repository\org\apache\logging\log4j\log4j-to-slf4j\2.11.2\log4j-to-slf4j-2.11.2.jar;C:\dev\apache-maven-3.5.3\repository\org\apache\logging\log4j\log4j-api\2.11.2\log4j-api-2.11.2.jar;C:\dev\apache-maven-3.5.3\repository\org\slf4j\jul-to-slf4j\1.7.26\jul-to-slf4j-1.7.26.jar;C:\dev\apache-maven-3.5.3\repository\org\yaml\snakeyaml\1.23\snakeyaml-1.23.jar;C:\dev\apache-maven-3.5.3\repository\org\springframework\boot\spring-boot-starter-json\2.1.5.RELEASE\spring-boot-starter-json-2.1.5.RELEASE.jar;C:\dev\apache-maven-3.5.3\repository\com\fasterxml\jackson\core\jackson-databind\2.9.8\jackson-databind-2.9.8.jar;C:\dev\apache-maven-3.5.3\repository\com\fasterxml\jackson\core\jackson-annotations\2.9.0\jackson-annotations-2.9.0.jar;C:\dev\apache-maven-3.5.3\repository\com\fasterxml\jackson\core\jackson-core\2.9.8\jackson-core-2.9.8.jar;C:\dev\apache-maven-3.5.3\repository\com\fasterxml\jackson\datatype\jackson-datatype-jdk8\2.9.8\jackson-datatype-jdk8-2.9.8.jar;C:\dev\apache-maven-3.5.3\repository\com\fasterxml\jackson\datatype\jackson-datatype-jsr310\2.9.8\jackson-datatype-jsr310-2.9.8.jar;C:\dev\apache-maven-3.5.3\repository\com\fasterxml\jackson\module\jackson-module-parameter-names\2.9.8\jackson-module-parameter-names-2.9.8.jar;C:\dev\apache-maven-3.5.3\repository\org\hibernate\validator\hibernate-validator\6.0.16.Final\hibernate-validator-6.0.16.Final.jar;C:\dev\apache-maven-3.5.3\repository\javax\validation\validation-api\2.0.1.Final\validation-api-2.0.1.Final.jar;C:\dev\apache-maven-3.5.3\repository\org\jboss\logging\jboss-logging\3.3.2.Final\jboss-logging-3.3.2.Final.jar;C:\dev\apache-maven-3.5.3\repository\com\fasterxml\classmate\1.4.0\classmate-1.4.0.jar;C:\dev\apache-maven-3.5.3\repository\org\springframework\spring-web\5.1.7.RELEASE\spring-web-5.1.7.RELEASE.jar;C:\dev\apache-maven-3.5.3\repository\org\springframework\spring-beans\5.1.7.RELEASE\spring-beans-5.1.7.RELEASE.jar;C:\dev\apache-maven-3.5.3\repository\org\springframework\spring-webmvc\5.1.7.RELEASE\spring-webmvc-5.1.7.RELEASE.jar;C:\dev\apache-maven-3.5.3\repository\org\springframework\spring-aop\5.1.7.RELEASE\spring-aop-5.1.7.RELEASE.jar;C:\dev\apache-maven-3.5.3\repository\org\springframework\spring-context\5.1.7.RELEASE\spring-context-5.1.7.RELEASE.jar;C:\dev\apache-maven-3.5.3\repository\org\springframework\spring-expression\5.1.7.RELEASE\spring-expression-5.1.7.RELEASE.jar;C:\dev\apache-maven-3.5.3\repository\org\springframework\boot\spring-boot-starter-test\2.1.5.RELEASE\spring-boot-starter-test-2.1.5.RELEASE.jar;C:\dev\apache-maven-3.5.3\repository\org\springframework\boot\spring-boot-test\2.1.5.RELEASE\spring-boot-test-2.1.5.RELEASE.jar;C:\dev\apache-maven-3.5.3\repository\org\springframework\boot\spring-boot-test-autoconfigure\2.1.5.RELEASE\spring-boot-test-autoconfigure-2.1.5.RELEASE.jar;C:\dev\apache-maven-3.5.3\repository\com\jayway\jsonpath\json-path\2.4.0\json-path-2.4.0.jar;C:\dev\apache-maven-3.5.3\repository\net\minidev\json-smart\2.3\json-smart-2.3.jar;C:\dev\apache-maven-3.5.3\repository\net\minidev\accessors-smart\1.2\accessors-smart-1.2.jar;C:\dev\apache-maven-3.5.3\repository\org\ow2\asm\asm\5.0.4\asm-5.0.4.jar;C:\dev\apache-maven-3.5.3\repository\org\slf4j\slf4j-api\1.7.26\slf4j-api-1.7.26.jar;C:\dev\apache-maven-3.5.3\repository\junit\junit\4.12\junit-4.12.jar;C:\dev\apache-maven-3.5.3\repository\org\assertj\assertj-core\3.11.1\assertj-core-3.11.1.jar;C:\dev\apache-maven-3.5.3\repository\org\mockito\mockito-core\2.23.4\mockito-core-2.23.4.jar;C:\dev\apache-maven-3.5.3\repository\net\bytebuddy\byte-buddy\1.9.12\byte-buddy-1.9.12.jar;C:\dev\apache-maven-3.5.3\repository\net\bytebuddy\byte-buddy-agent\1.9.12\byte-buddy-agent-1.9.12.jar;C:\dev\apache-maven-3.5.3\repository\org\objenesis\objenesis\2.6\objenesis-2.6.jar;C:\dev\apache-maven-3.5.3\repository\org\hamcrest\hamcrest-core\1.3\hamcrest-core-1.3.jar;C:\dev\apache-maven-3.5.3\repository\org\hamcrest\hamcrest-library\1.3\hamcrest-library-1.3.jar;C:\dev\apache-maven-3.5.3\repository\org\skyscreamer\jsonassert\1.5.0\jsonassert-1.5.0.jar;C:\dev\apache-maven-3.5.3\repository\com\vaadin\external\google\android-json\0.0.20131108.vaadin1\android-json-0.0.20131108.vaadin1.jar;C:\dev\apache-maven-3.5.3\repository\org\springframework\spring-core\5.1.7.RELEASE\spring-core-5.1.7.RELEASE.jar;C:\dev\apache-maven-3.5.3\repository\org\springframework\spring-jcl\5.1.7.RELEASE\spring-jcl-5.1.7.RELEASE.jar;C:\dev\apache-maven-3.5.3\repository\org\springframework\spring-test\5.1.7.RELEASE\spring-test-5.1.7.RELEASE.jar;C:\dev\apache-maven-3.5.3\repository\org\xmlunit\xmlunit-core\2.6.2\xmlunit-core-2.6.2.jar;C:\dev\apache-maven-3.5.3\repository\org\mybatis\spring\boot\mybatis-spring-boot-starter\2.0.0\mybatis-spring-boot-starter-2.0.0.jar;C:\dev\apache-maven-3.5.3\repository\org\mybatis\spring\boot\mybatis-spring-boot-autoconfigure\2.0.0\mybatis-spring-boot-autoconfigure-2.0.0.jar;C:\dev\apache-maven-3.5.3\repository\org\mybatis\mybatis\3.5.0\mybatis-3.5.0.jar;C:\dev\apache-maven-3.5.3\repository\org\mybatis\mybatis-spring\2.0.0\mybatis-spring-2.0.0.jar;C:\dev\apache-maven-3.5.3\repository\org\springframework\boot\spring-boot-starter-jdbc\2.1.5.RELEASE\spring-boot-starter-jdbc-2.1.5.RELEASE.jar;C:\dev\apache-maven-3.5.3\repository\com\zaxxer\HikariCP\3.2.0\HikariCP-3.2.0.jar;C:\dev\apache-maven-3.5.3\repository\org\springframework\spring-jdbc\5.1.7.RELEASE\spring-jdbc-5.1.7.RELEASE.jar;C:\dev\apache-maven-3.5.3\repository\org\springframework\spring-tx\5.1.7.RELEASE\spring-tx-5.1.7.RELEASE.jar;C:\dev\apache-maven-3.5.3\repository\org\springframework\boot\spring-boot-starter-thymeleaf\2.1.5.RELEASE\spring-boot-starter-thymeleaf-2.1.5.RELEASE.jar;C:\dev\apache-maven-3.5.3\repository\org\thymeleaf\thymeleaf-spring5\3.0.11.RELEASE\thymeleaf-spring5-3.0.11.RELEASE.jar;C:\dev\apache-maven-3.5.3\repository\org\thymeleaf\thymeleaf\3.0.11.RELEASE\thymeleaf-3.0.11.RELEASE.jar;C:\dev\apache-maven-3.5.3\repository\org\attoparser\attoparser\2.0.5.RELEASE\attoparser-2.0.5.RELEASE.jar;C:\dev\apache-maven-3.5.3\repository\org\unbescape\unbescape\1.1.6.RELEASE\unbescape-1.1.6.RELEASE.jar;C:\dev\apache-maven-3.5.3\repository\org\thymeleaf\extras\thymeleaf-extras-java8time\3.0.4.RELEASE\thymeleaf-extras-java8time-3.0.4.RELEASE.jar;C:\dev\apache-maven-3.5.3\repository\org\json\json\20180813\json-20180813.jar;C:\dev\apache-maven-3.5.3\repository\mysql\mysql-connector-java\8.0.16\mysql-connector-java-8.0.16.jar;C:\dev\apache-maven-3.5.3\repository\javax\mail\mail\1.4.7\mail-1.4.7.jar;C:\dev\apache-maven-3.5.3\repository\javax\activation\activation\1.1\activation-1.1.jar;C:\dev\apache-maven-3.5.3\repository\org\springframework\boot\spring-boot-starter-tomcat\2.1.5.RELEASE\spring-boot-starter-tomcat-2.1.5.RELEASE.jar;C:\dev\apache-maven-3.5.3\repository\javax\annotation\javax.annotation-api\1.3.2\javax.annotation-api-1.3.2.jar;C:\dev\apache-maven-3.5.3\repository\org\apache\tomcat\embed\tomcat-embed-core\9.0.19\tomcat-embed-core-9.0.19.jar;C:\dev\apache-maven-3.5.3\repository\org\apache\tomcat\embed\tomcat-embed-el\9.0.19\tomcat-embed-el-9.0.19.jar;C:\dev\apache-maven-3.5.3\repository\org\apache\tomcat\embed\tomcat-embed-websocket\9.0.19\tomcat-embed-websocket-9.0.19.jar;"/>
    <property name="sun.cpu.endian" value="little"/>
    <property name="user.home" value="C:\Users\nara111"/>
    <property name="user.language" value="ko"/>
    <property name="java.specification.vendor" value="Oracle Corporation"/>
    <property name="java.home" value="C:\Program Files\AdoptOpenJDK\jdk-8.0.212.04-hotspot\jre"/>
    <property name="basedir" value="C:\Users\nara111\Documents\workspace-spring-tool-suite-4-4.2.2.RELEASE\SpellerForWindow"/>
    <property name="file.separator" value="\"/>
    <property name="line.separator" value="&#10;"/>
    <property name="java.vm.specification.vendor" value="Oracle Corporation"/>
    <property name="java.specification.name" value="Java Platform API Specification"/>
    <property name="java.awt.graphicsenv" value="sun.awt.Win32GraphicsEnvironment"/>
    <property name="surefire.real.class.path" value="C:\Users\nara111\AppData\Local\Temp\surefire749496245934422977\surefirebooter5969822881833634290.jar"/>
    <property name="sun.boot.class.path" value="C:\Program Files\AdoptOpenJDK\jdk-8.0.212.04-hotspot\jre\lib\resources.jar;C:\Program Files\AdoptOpenJDK\jdk-8.0.212.04-hotspot\jre\lib\rt.jar;C:\Program Files\AdoptOpenJDK\jdk-8.0.212.04-hotspot\jre\lib\sunrsasign.jar;C:\Program Files\AdoptOpenJDK\jdk-8.0.212.04-hotspot\jre\lib\jsse.jar;C:\Program Files\AdoptOpenJDK\jdk-8.0.212.04-hotspot\jre\lib\jce.jar;C:\Program Files\AdoptOpenJDK\jdk-8.0.212.04-hotspot\jre\lib\charsets.jar;C:\Program Files\AdoptOpenJDK\jdk-8.0.212.04-hotspot\jre\lib\jfr.jar;C:\Program Files\AdoptOpenJDK\jdk-8.0.212.04-hotspot\jre\classes"/>
    <property name="user.script" value=""/>
    <property name="sun.management.compiler" value="HotSpot 64-Bit Tiered Compilers"/>
    <property name="java.runtime.version" value="1.8.0_212-b04"/>
    <property name="user.name" value="nara111"/>
    <property name="path.separator" value=";"/>
    <property name="os.version" value="6.1"/>
    <property name="java.endorsed.dirs" value="C:\Program Files\AdoptOpenJDK\jdk-8.0.212.04-hotspot\jre\lib\endorsed"/>
    <property name="java.runtime.name" value="OpenJDK Runtime Environment"/>
    <property name="file.encoding" value="MS949"/>
    <property name="java.vm.name" value="OpenJDK 64-Bit Server VM"/>
    <property name="localRepository" value="C:\dev\apache-maven-3.5.3\repository"/>
    <property name="java.vendor.url.bug" value="http://bugreport.sun.com/bugreport/"/>
    <property name="java.io.tmpdir" value="C:\Users\nara111\AppData\Local\Temp\"/>
    <property name="java.version" value="1.8.0_212"/>
    <property name="user.dir" value="C:\Users\nara111\Documents\workspace-spring-tool-suite-4-4.2.2.RELEASE\SpellerForWindow"/>
    <property name="os.arch" value="amd64"/>
    <property name="java.vm.specification.name" value="Java Virtual Machine Specification"/>
    <property name="java.awt.printerjob" value="sun.awt.windows.WPrinterJob"/>
    <property name="sun.os.patch.level" value="Service Pack 1"/>
    <property name="java.library.path" value="C:\Program Files\AdoptOpenJDK\jdk-8.0.212.04-hotspot\jre\bin;C:\Windows\Sun\Java\bin;C:\Windows\system32;C:\Windows;C:\Program Files\AdoptOpenJDK\jdk-8.0.212.04-hotspot\bin;C:\Program Files (x86)\Common Files\Oracle\Java\javapath;C:\ProgramData\Oracle\Java\javapath;C:\Program Files (x86)\Intel\iCLS Client\;C:\Program Files\Intel\iCLS Client\;C:\Windows\system32;C:\Windows;C:\Windows\System32\Wbem;C:\Windows\System32\WindowsPowerShell\v1.0\;C:\Program Files\Intel\Intel(R) Management Engine Components\DAL;C:\Program Files\Intel\Intel(R) Management Engine Components\IPT;C:\Program Files (x86)\Intel\Intel(R) Management Engine Components\DAL;C:\Program Files (x86)\Intel\Intel(R) Management Engine Components\IPT;C:\Program Files (x86)\NVIDIA Corporation\PhysX\Common;C:\Program Files\dotnet\;C:\Program Files\Microsoft SQL Server\130\Tools\Binn\;C:\Program Files (x86)\MySQL\MySQL Fabric 1.5 &amp; MySQL Utilities 1.5\;C:\Program Files (x86)\MySQL\MySQL Fabric 1.5 &amp; MySQL Utilities 1.5\Doctrine extensions for PHP\;C:\Program Files\MySQL\MySQL Server 5.7\bin;C:\dev\apache-maven-3.5.3\bin;C:\Program Files\AdoptOpenJDK\jdk-8.0.212.04-hotspot\\bin;C:\Program Files (x86)\PuTTY\;C:\dev\java-1.8.0-openjdk-1.8.0.191-1\bin;C:\Program Files\Git\cmd;C:\Apache24\bin;C:\dev\Gradle\gradle-5.4\bin;C:\dev\nodejs\;C:\Program Files\Microsoft VS Code\bin;C:\Program Files (x86)\Hnc\HOffice9\Bin\\;C:\Program Files (x86)\Hnc\HOffice9\Bin\\;C:\Program Files (x86)\Hnc\HOffice9\Bin\\;C:\Program Files (x86)\Hnc\HOffice9\Bin\\;C:\Program Files (x86)\ESTsoft\ALSee\x64;."/>
    <property name="java.vm.info" value="mixed mode"/>
    <property name="java.vendor" value="AdoptOpenJDK"/>
    <property name="java.vm.version" value="25.212-b04"/>
    <property name="java.ext.dirs" value="C:\Program Files\AdoptOpenJDK\jdk-8.0.212.04-hotspot\jre\lib\ext;C:\Windows\Sun\Java\lib\ext"/>
    <property name="sun.io.unicode.encoding" value="UnicodeLittle"/>
    <property name="java.class.version" value="52.0"/>
  </properties>
  <testcase name="IP허용" classname="org.narainfo.tool.FilterIPTests" time="0"/>
</testsuite>